2016-09-10 20:05:28 - critical - Route not found SayMoar::Feed::get_feed for / at /home/hulponot/perl5/lib/perl5/Kelp/Routes.pm line 188.

2016-09-10 20:05:37 - critical - Route not found SayMoar::Feed::get_feed for / at /home/hulponot/perl5/lib/perl5/Kelp/Routes.pm line 188.

2016-09-10 20:06:36 - critical - Route not found SayMoar::Feed::get_feed for / at /home/hulponot/perl5/lib/perl5/Kelp/Routes.pm line 188.

2016-09-10 20:07:51 - critical - Route not found SayMoar::Feed::get_feed for / at /home/hulponot/perl5/lib/perl5/Kelp/Routes.pm line 188.

2016-09-10 20:08:50 - critical - Route not found SayMoar::Feed::get_feed for / at /home/hulponot/perl5/lib/perl5/Kelp/Routes.pm line 188.

2016-09-10 20:08:57 - critical - Route not found SayMoar::Feed::get_feed for / at /home/hulponot/perl5/lib/perl5/Kelp/Routes.pm line 188.

2016-09-10 20:12:53 - critical - Route not found SayMoar::Feed::get_feed for / at /home/hulponot/perl5/lib/perl5/Kelp/Routes.pm line 188.

2016-09-10 20:13:46 - critical - Route not found SayMoar::Feed::get_feed for / at /home/hulponot/perl5/lib/perl5/Kelp/Routes.pm line 188.

2016-09-10 20:14:56 - critical - Route not found SayMoar::Feed::get_feed for / at /home/hulponot/perl5/lib/perl5/Kelp/Routes.pm line 188.

2016-09-10 20:14:57 - critical - Route not found SayMoar::Feed::get_feed for / at /home/hulponot/perl5/lib/perl5/Kelp/Routes.pm line 188.

2016-09-10 20:15:36 - critical - Route not found SayMoar::Feed::get_feed for / at /home/hulponot/perl5/lib/perl5/Kelp/Routes.pm line 188.

2016-09-10 20:16:40 - critical - Route not found SayMoar::Feed::feed for / at /home/hulponot/perl5/lib/perl5/Kelp/Routes.pm line 188.

2016-09-10 20:20:19 - critical - Route not found SayMoar::Feed::feed for / at /home/hulponot/perl5/lib/perl5/Kelp/Routes.pm line 188.

2016-09-10 20:20:20 - critical - Route not found SayMoar::Feed::feed for / at /home/hulponot/perl5/lib/perl5/Kelp/Routes.pm line 188.

2016-09-10 20:20:20 - critical - Route not found SayMoar::Feed::feed for / at /home/hulponot/perl5/lib/perl5/Kelp/Routes.pm line 188.

2016-09-10 20:20:20 - critical - Route not found SayMoar::Feed::feed for / at /home/hulponot/perl5/lib/perl5/Kelp/Routes.pm line 188.

2016-09-10 20:20:20 - critical - Route not found SayMoar::Feed::feed for / at /home/hulponot/perl5/lib/perl5/Kelp/Routes.pm line 188.

2016-09-10 20:20:21 - critical - Route not found SayMoar::Feed::feed for / at /home/hulponot/perl5/lib/perl5/Kelp/Routes.pm line 188.

2016-09-10 20:20:21 - critical - Route not found SayMoar::Feed::feed for / at /home/hulponot/perl5/lib/perl5/Kelp/Routes.pm line 188.

2016-09-10 20:20:21 - critical - Route not found SayMoar::Feed::feed for / at /home/hulponot/perl5/lib/perl5/Kelp/Routes.pm line 188.

2016-09-10 20:20:54 - critical - Route not found SayMoar::Feed::feed for / at /home/hulponot/perl5/lib/perl5/Kelp/Routes.pm line 188.

2016-09-10 20:22:04 - critical - Route not found SayMoar::Feed::feed for / at /home/hulponot/perl5/lib/perl5/Kelp/Routes.pm line 188.

2016-09-10 21:39:10 - critical - Route not found SayMoar::Feed::feed for / at /home/hulponot/perl5/lib/perl5/Kelp/Routes.pm line 188.

2016-09-11 12:05:30 - critical - Route not found SayMoar::Feed::feed for / at /home/hulponot/perl5/lib/perl5/Kelp/Routes.pm line 188.

2016-09-11 12:06:32 - critical - Route not found SayMoar::Feed::feed for / at /home/hulponot/perl5/lib/perl5/Kelp/Routes.pm line 188.

2016-09-11 12:06:41 - critical - Route not found SayMoar::Feed::feed for / at /home/hulponot/perl5/lib/perl5/Kelp/Routes.pm line 188.

2016-09-11 12:14:11 - critical - Route not found SayMoar::Feed::feed for / at /home/hulponot/perl5/lib/perl5/Kelp/Routes.pm line 188.

2016-09-11 12:14:58 - critical - Route not found SayMoar::Feed::feed for / at /home/hulponot/perl5/lib/perl5/Kelp/Routes.pm line 188.

2016-09-11 12:14:58 - critical - Route not found SayMoar::Feed::feed for / at /home/hulponot/perl5/lib/perl5/Kelp/Routes.pm line 188.

2016-09-11 12:14:59 - critical - Route not found SayMoar::Feed::feed for / at /home/hulponot/perl5/lib/perl5/Kelp/Routes.pm line 188.

2016-09-11 12:14:59 - critical - Route not found SayMoar::Feed::feed for / at /home/hulponot/perl5/lib/perl5/Kelp/Routes.pm line 188.

2016-09-11 12:14:59 - critical - Route not found SayMoar::Feed::feed for / at /home/hulponot/perl5/lib/perl5/Kelp/Routes.pm line 188.

2016-09-11 12:20:51 - critical - Route not found SayMoar::Feed::feed for / at /home/hulponot/perl5/lib/perl5/Kelp/Routes.pm line 188.

2016-09-11 12:20:52 - critical - Route not found SayMoar::Feed::feed for / at /home/hulponot/perl5/lib/perl5/Kelp/Routes.pm line 188.

2016-09-11 12:20:52 - critical - Route not found SayMoar::Feed::feed for / at /home/hulponot/perl5/lib/perl5/Kelp/Routes.pm line 188.

2016-09-11 12:46:08 - critical - Can't locate object method "feed" via package "SayMoar::Controller::Feed" at /home/hulponot/perl5/lib/perl5/Kelp/Routes/Controller.pm line 19.

2016-09-12 21:45:39 - critical - Can't locate object method "render" via package "SayMoar::Controller::User" at lib/SayMoar/Controller/User.pm line 9.

2016-09-12 21:46:00 - critical - Can't locate object method "render" via package "SayMoar::Controller::User" at lib/SayMoar/Controller/User.pm line 9.

2016-09-12 21:46:01 - critical - Can't locate object method "render" via package "SayMoar::Controller::User" at lib/SayMoar/Controller/User.pm line 9.

2016-09-12 21:46:01 - critical - Can't locate object method "render" via package "SayMoar::Controller::User" at lib/SayMoar/Controller/User.pm line 9.

2016-09-12 21:46:01 - critical - Can't locate object method "render" via package "SayMoar::Controller::User" at lib/SayMoar/Controller/User.pm line 9.

2016-09-12 21:46:01 - critical - Can't locate object method "render" via package "SayMoar::Controller::User" at lib/SayMoar/Controller/User.pm line 9.

2016-09-12 22:00:17 - critical - Can't locate object method "info" via package "get_logger" (perhaps you forgot to load "get_logger"?) at lib/SayMoar/Controller/User.pm line 9.

